<?xml version="1.0" encoding="UTF-8"?>
<!-- Generated by org.testng.reporters.JUnitReportReporter -->
<testsuite hostname="Trudosys" failures="0" tests="2" name="api.test.LoginTest" time="4.299" errors="0" timestamp="2024-07-19T14:53:52 IST" skipped="0">
  <testcase classname="api.test.LoginTest" name="testLogin" time="3.586"/>
  <system-out>
    <![CDATA[Login successfull....200]]>
  </system-out>
  <testcase classname="api.test.LoginTest" name="companyDetails" time="0.713"/>
  <system-out>
    <![CDATA[company details....200]]>
  </system-out>
</testsuite> <!-- api.test.LoginTest -->
