<?xml version="1.0" encoding="UTF-8"?>
<!-- Generated by org.testng.reporters.JUnitReportReporter -->
<testsuite hostname="Trudosys" failures="0" tests="8" name="api.test.UploadFileTest" time="5.776" errors="0" timestamp="2024-07-19T14:53:52 IST" skipped="1">
  <testcase classname="api.test.UploadFileTest" name="testUploadfile" time="0.705"/>
  <system-out>
    <![CDATA[upload file....201]]>
  </system-out>
  <testcase classname="api.test.UploadFileTest" name="testUploadErrorfile" time="0.741"/>
  <system-out>
    <![CDATA[upload error file....201]]>
  </system-out>
  <testcase classname="api.test.UploadFileTest" name="Getfiles" time="0.690"/>
  <system-out>
    <![CDATA[Get files....200]]>
  </system-out>
  <testcase classname="api.test.UploadFileTest" name="Updatefile" time="0.719"/>
  <system-out>
    <![CDATA[update file....200]]>
  </system-out>
  <testcase classname="api.test.UploadFileTest" name="TestDownloadExcelfile" time="0.573">
    <skipped/>
  </testcase> <!-- TestDownloadExcelfile -->
  <system-out>
    <![CDATA[excel File downloaded....200]]>
  </system-out>
  <testcase classname="api.test.UploadFileTest" name="testErrorfilefix" time="0.714"/>
  <system-out>
    <![CDATA[Error File fixed....200]]>
  </system-out>
  <testcase classname="api.test.UploadFileTest" name="Deletefile" time="0.784"/>
  <system-out>
    <![CDATA[Delete excel files....200]]>
  </system-out>
  <testcase classname="api.test.UploadFileTest" name="GetFileByFileId" time="0.850"/>
  <system-out>
    <![CDATA[GetFileByFileId....200]]>
  </system-out>
</testsuite> <!-- api.test.UploadFileTest -->
