<?xml version="1.0" encoding="UTF-8"?>
<!-- Generated by org.testng.reporters.JUnitReportReporter -->
<testsuite hostname="Trudosys" failures="0" tests="4" name="api.test.DroneDpTest" time="3.200" errors="0" timestamp="2024-07-19T14:53:52 IST" skipped="0">
  <testcase classname="api.test.DroneDpTest" name="GetAllCompanies" time="0.646"/>
  <system-out>
    <![CDATA[GetAllCompanies....200]]>
  </system-out>
  <testcase classname="api.test.DroneDpTest" name="RequestCount" time="0.617"/>
  <system-out>
    <![CDATA[RequestCount....200]]>
  </system-out>
  <testcase classname="api.test.DroneDpTest" name="ViewRequest" time="0.894"/>
  <system-out>
    <![CDATA[View request....200]]>
  </system-out>
  <testcase classname="api.test.DroneDpTest" name="testUploadExcelFileForRequest" time="1.043"/>
  <system-out>
    <![CDATA[upload file for request....201]]>
  </system-out>
</testsuite> <!-- api.test.DroneDpTest -->
