<?xml version="1.0" encoding="UTF-8"?>
<!-- Generated by org.testng.reporters.JUnitReportReporter -->
<testsuite hostname="Trudosys" failures="0" tests="4" name="api.test.VendorTest" time="3.629" errors="0" timestamp="2024-08-29T15:38:43 IST" skipped="0">
  <testcase classname="api.test.VendorTest" name="TestUploadVendorDetails" time="0.721"/>
  <system-out>
    <![CDATA[Upload Vendor details....200]]>
  </system-out>
  <testcase classname="api.test.VendorTest" name="TestUploadVendorWithInvalidHeaders" time="0.621"/>
  <system-out>
    <![CDATA[Upload Vendor with invalid Headers....400]]>
  </system-out>
  <testcase classname="api.test.VendorTest" name="TestUploadVendorWithInvalidFile" time="1.734"/>
  <system-out>
    <![CDATA[Upload Vendor with invalid file....400]]>
  </system-out>
  <testcase classname="api.test.VendorTest" name="GetIssueType" time="0.553"/>
  <system-out>
    <![CDATA[Get Vendors....200]]>
  </system-out>
</testsuite> <!-- api.test.VendorTest -->
