<?xml version="1.0" encoding="UTF-8"?>
<!-- Generated by org.testng.reporters.JUnitReportReporter -->
<testsuite hostname="Trudosys" failures="0" tests="2" name="api.test.LoginTest" time="3.114" errors="0" timestamp="2024-06-13T10:54:55 IST" skipped="0">
  <testcase classname="api.test.LoginTest" name="testLogin" time="2.496"/>
  <system-out>
    <![CDATA[Login successfull....200]]>
  </system-out>
  <testcase classname="api.test.LoginTest" name="companyDetails" time="0.618"/>
  <system-out>
    <![CDATA[company details....200]]>
  </system-out>
</testsuite> <!-- api.test.LoginTest -->
