<?xml version="1.0" encoding="UTF-8"?>
<!-- Generated by org.testng.reporters.JUnitReportReporter -->
<testsuite hostname="Trudosys" failures="0" tests="5" name="api.test.SearchTest" time="3.409" errors="0" timestamp="2024-06-13T10:54:55 IST" skipped="1">
  <testcase classname="api.test.SearchTest" name="testSearchExcelData" time="0.694"/>
  <system-out>
    <![CDATA[Search excel data....200]]>
  </system-out>
  <testcase classname="api.test.SearchTest" name="testSearchPdfData" time="0.670"/>
  <system-out>
    <![CDATA[Search pdf data....200]]>
  </system-out>
  <testcase classname="api.test.SearchTest" name="testDashboardCount" time="0.678">
    <skipped/>
  </testcase> <!-- testDashboardCount -->
  <system-out>
    <![CDATA[Dashboard count....200]]>
  </system-out>
  <testcase classname="api.test.SearchTest" name="testExcelHistory" time="0.648"/>
  <system-out>
    <![CDATA[Excel search history....200]]>
  </system-out>
  <testcase classname="api.test.SearchTest" name="testpdfHistory" time="0.719"/>
  <system-out>
    <![CDATA[pdf search history....200]]>
  </system-out>
</testsuite> <!-- api.test.SearchTest -->
