<?xml version="1.0" encoding="UTF-8"?>
<!-- Generated by org.testng.reporters.JUnitReportReporter -->
<testsuite hostname="Trudosys" failures="0" tests="8" name="api.test.UploadFileTest" time="4.611" errors="0" timestamp="2024-06-09T21:25:13 IST" skipped="1">
  <testcase classname="api.test.UploadFileTest" name="testUploadfile" time="0.641"/>
  <system-out>
    <![CDATA[upload file....201]]>
  </system-out>
  <testcase classname="api.test.UploadFileTest" name="testUploadErrorfile" time="0.628"/>
  <system-out>
    <![CDATA[upload error file....201]]>
  </system-out>
  <testcase classname="api.test.UploadFileTest" name="Getfiles" time="0.546"/>
  <system-out>
    <![CDATA[Get files....200]]>
  </system-out>
  <testcase classname="api.test.UploadFileTest" name="Updatefile" time="0.583"/>
  <system-out>
    <![CDATA[update file....200]]>
  </system-out>
  <testcase classname="api.test.UploadFileTest" name="TestDownloadExcelfile" time="0.564">
    <skipped/>
  </testcase> <!-- TestDownloadExcelfile -->
  <system-out>
    <![CDATA[excel File downloaded....200]]>
  </system-out>
  <testcase classname="api.test.UploadFileTest" name="testErrorfilefix" time="0.592"/>
  <system-out>
    <![CDATA[Error File fixed....200]]>
  </system-out>
  <testcase classname="api.test.UploadFileTest" name="Deletefile" time="0.488"/>
  <system-out>
    <![CDATA[Delete excel files....200]]>
  </system-out>
  <testcase classname="api.test.UploadFileTest" name="GetFileByFileId" time="0.569"/>
  <system-out>
    <![CDATA[GetFileByFileId....200]]>
  </system-out>
</testsuite> <!-- api.test.UploadFileTest -->
