<?xml version="1.0" encoding="UTF-8"?>
<!-- Generated by org.testng.reporters.JUnitReportReporter -->
<testsuite hostname="Trudosys" failures="0" tests="4" name="api.test.PhraseTest" time="2.202" errors="0" timestamp="2024-08-29T15:38:43 IST" skipped="0">
  <testcase classname="api.test.PhraseTest" name="testAddPhrase" time="0.558"/>
  <system-out>
    <![CDATA[Add Phrase....200]]>
  </system-out>
  <testcase classname="api.test.PhraseTest" name="testUpdatePhrase" time="0.528"/>
  <system-out>
    <![CDATA[Update Phrase....200]]>
  </system-out>
  <testcase classname="api.test.PhraseTest" name="testDeletePhrase" time="0.542"/>
  <system-out>
    <![CDATA[Delete Phrase....200]]>
  </system-out>
  <testcase classname="api.test.PhraseTest" name="testGetPhrase" time="0.574"/>
  <system-out>
    <![CDATA[Get Phrase....200]]>
  </system-out>
</testsuite> <!-- api.test.PhraseTest -->
