<?xml version="1.0" encoding="UTF-8"?>
<!-- Generated by org.testng.reporters.JUnitReportReporter -->
<testsuite hostname="Trudosys" failures="0" tests="5" name="api.test.ProjectTest" time="3.320" errors="0" timestamp="2024-06-09T21:25:13 IST" skipped="0">
  <testcase classname="api.test.ProjectTest" name="TestCreateProject" time="0.677"/>
  <system-out>
    <![CDATA[Project Created....200]]>
  </system-out>
  <testcase classname="api.test.ProjectTest" name="TestCreateProject" time="0.705"/>
  <system-out>
    <![CDATA[Project Created....200]]>
  </system-out>
  <testcase classname="api.test.ProjectTest" name="TestProjectDetails" time="0.606"/>
  <system-out>
    <![CDATA[Project Details....200]]>
  </system-out>
  <testcase classname="api.test.ProjectTest" name="TestProjectUpdate" time="0.681"/>
  <system-out>
    <![CDATA[Project Updated....200]]>
  </system-out>
  <testcase classname="api.test.ProjectTest" name="TestProjectDelete" time="0.651"/>
  <system-out>
    <![CDATA[Project Delete....200]]>
  </system-out>
</testsuite> <!-- api.test.ProjectTest -->
