<?xml version="1.0" encoding="UTF-8"?>
<!-- Generated by org.testng.reporters.JUnitReportReporter -->
<testsuite hostname="Trudosys" failures="0" tests="6" name="api.test.EmployeeTest" time="6.489" errors="0" timestamp="2024-08-29T15:38:43 IST" skipped="0">
  <testcase classname="api.test.EmployeeTest" name="testAddEmployee" time="1.988"/>
  <system-out>
    <![CDATA[Added Employee....200]]>
  </system-out>
  <testcase classname="api.test.EmployeeTest" name="testAddEmployee" time="2.195"/>
  <system-out>
    <![CDATA[Added Employee....200]]>
  </system-out>
  <testcase classname="api.test.EmployeeTest" name="testEmployeeDetails" time="0.547"/>
  <system-out>
    <![CDATA[Employee Details....200]]>
  </system-out>
  <testcase classname="api.test.EmployeeTest" name="TestUpdateEmployee" time="0.598"/>
  <system-out>
    <![CDATA[Update Employee....200]]>
  </system-out>
  <testcase classname="api.test.EmployeeTest" name="TestDeleteEmployee" time="0.588"/>
  <system-out>
    <![CDATA[Delete Employee....200]]>
  </system-out>
  <testcase classname="api.test.EmployeeTest" name="TestSearchEmployee" time="0.573"/>
  <system-out>
    <![CDATA[Search Employee....200]]>
  </system-out>
</testsuite> <!-- api.test.EmployeeTest -->
