<?xml version="1.0" encoding="UTF-8"?>
<!-- Generated by org.testng.reporters.JUnitReportReporter -->
<testsuite hostname="Trudosys" failures="0" tests="4" name="api.test.PhraseTest" time="2.462" errors="0" timestamp="2024-06-09T21:25:13 IST" skipped="0">
  <testcase classname="api.test.PhraseTest" name="testAddPhrase" time="0.552"/>
  <system-out>
    <![CDATA[Add Phrase....200]]>
  </system-out>
  <testcase classname="api.test.PhraseTest" name="testUpdatePhrase" time="0.567"/>
  <system-out>
    <![CDATA[Update Phrase....200]]>
  </system-out>
  <testcase classname="api.test.PhraseTest" name="testDeletePhrase" time="0.534"/>
  <system-out>
    <![CDATA[Delete Phrase....200]]>
  </system-out>
  <testcase classname="api.test.PhraseTest" name="testGetPhrase" time="0.809"/>
  <system-out>
    <![CDATA[Get Phrase....200]]>
  </system-out>
</testsuite> <!-- api.test.PhraseTest -->
