<?xml version="1.0" encoding="UTF-8"?>
<!-- Generated by org.testng.reporters.JUnitReportReporter -->
<testsuite hostname="Trudosys" failures="0" tests="6" name="api.test.CommunityTest" time="4.891" errors="0" timestamp="2024-07-19T14:53:52 IST" skipped="0">
  <testcase classname="api.test.CommunityTest" name="TestCreateCommunity" time="1.114"/>
  <system-out>
    <![CDATA[community Created....200]]>
  </system-out>
  <testcase classname="api.test.CommunityTest" name="TestSearchCommunity" time="0.723"/>
  <system-out>
    <![CDATA[community Search....200]]>
  </system-out>
  <testcase classname="api.test.CommunityTest" name="TestCreateRequest" time="0.927"/>
  <system-out>
    <![CDATA[Create request....200]]>
  </system-out>
  <testcase classname="api.test.CommunityTest" name="TestDvsOverview" time="0.691"/>
  <system-out>
    <![CDATA[Dvs Overview....200]]>
  </system-out>
  <testcase classname="api.test.CommunityTest" name="TestOverviewIssueCount" time="0.713"/>
  <system-out>
    <![CDATA[Overview Issue Counts....200]]>
  </system-out>
  <testcase classname="api.test.CommunityTest" name="TestdatasearchIssueCount" time="0.723"/>
  <system-out>
    <![CDATA[DataSearch Issue Counts....200]]>
  </system-out>
</testsuite> <!-- api.test.CommunityTest -->
