<?xml version="1.0" encoding="UTF-8"?>
<!-- Generated by org.testng.reporters.JUnitReportReporter -->
<testsuite hostname="Trudosys" failures="0" tests="5" name="api.test.SearchTest" time="2.880" errors="0" timestamp="2024-06-09T21:25:13 IST" skipped="1">
  <testcase classname="api.test.SearchTest" name="testSearchExcelData" time="0.600"/>
  <system-out>
    <![CDATA[Search excel data....200]]>
  </system-out>
  <testcase classname="api.test.SearchTest" name="testSearchPdfData" time="0.538"/>
  <system-out>
    <![CDATA[Search pdf data....200]]>
  </system-out>
  <testcase classname="api.test.SearchTest" name="testDashboardCount" time="0.576">
    <skipped/>
  </testcase> <!-- testDashboardCount -->
  <system-out>
    <![CDATA[Dashboard count....200]]>
  </system-out>
  <testcase classname="api.test.SearchTest" name="testExcelHistory" time="0.605"/>
  <system-out>
    <![CDATA[Excel search history....200]]>
  </system-out>
  <testcase classname="api.test.SearchTest" name="testpdfHistory" time="0.561"/>
  <system-out>
    <![CDATA[pdf search history....200]]>
  </system-out>
</testsuite> <!-- api.test.SearchTest -->
