<?xml version="1.0" encoding="UTF-8"?>
<!-- Generated by org.testng.reporters.JUnitReportReporter -->
<testsuite hostname="Trudosys" failures="0" tests="7" name="api.test.IssueTypeTest" time="4.806" errors="0" timestamp="2024-08-29T15:38:43 IST" skipped="0">
  <testcase classname="api.test.IssueTypeTest" name="testUploadIssueTypefile" time="0.619"/>
  <system-out>
    <![CDATA[upload IssueType....200]]>
  </system-out>
  <testcase classname="api.test.IssueTypeTest" name="testUploadIssueTypefileWithInvalidFile" time="1.443"/>
  <system-out>
    <![CDATA[upload IssueType with Invalid File....400]]>
  </system-out>
  <testcase classname="api.test.IssueTypeTest" name="testUploadIssueTypefileWithInvalidHeaders" time="0.570"/>
  <system-out>
    <![CDATA[upload IssueType with Invalid Headers....400]]>
  </system-out>
  <testcase classname="api.test.IssueTypeTest" name="testUploadIssueTypewithUser" time="0.539"/>
  <system-out>
    <![CDATA[upload IssueType with user account....400]]>
  </system-out>
  <testcase classname="api.test.IssueTypeTest" name="CreateIssueType" time="0.567"/>
  <system-out>
    <![CDATA[Create IssueType....200]]>
  </system-out>
  <testcase classname="api.test.IssueTypeTest" name="GetIssueType" time="0.558"/>
  <system-out>
    <![CDATA[Get IssueType....200]]>
  </system-out>
  <testcase classname="api.test.IssueTypeTest" name="CreateIssueTypeWithSameName" time="0.510"/>
  <system-out>
    <![CDATA[Create IssueType With Same Name....400]]>
  </system-out>
</testsuite> <!-- api.test.IssueTypeTest -->
