<?xml version="1.0" encoding="UTF-8"?>
<!-- Generated by org.testng.reporters.JUnitReportReporter -->
<testsuite hostname="Trudosys" failures="0" tests="3" name="api.test.CommunityTest" time="2.030" errors="0" timestamp="2024-06-09T21:25:13 IST" skipped="0">
  <testcase classname="api.test.CommunityTest" name="TestCreateCommunity" time="0.825"/>
  <system-out>
    <![CDATA[community Created....200]]>
  </system-out>
  <testcase classname="api.test.CommunityTest" name="TestSearchCommunity" time="0.657"/>
  <system-out>
    <![CDATA[community Search....200]]>
  </system-out>
  <testcase classname="api.test.CommunityTest" name="TestCreateRequest" time="0.548"/>
  <system-out>
    <![CDATA[Create request....200]]>
  </system-out>
</testsuite> <!-- api.test.CommunityTest -->
