<?xml version="1.0" encoding="UTF-8"?>
<!-- Generated by org.testng.reporters.JUnitReportReporter -->
<testsuite hostname="Trudosys" failures="0" tests="2" name="api.test.DvsDataSearchTest" time="3.107" errors="0" timestamp="2024-08-29T15:38:43 IST" skipped="0">
  <testcase classname="api.test.DvsDataSearchTest" name="DvsDataSearch" time="1.557"/>
  <system-out>
    <![CDATA[Dvs Search data....200]]>
  </system-out>
  <testcase classname="api.test.DvsDataSearchTest" name="DvsFilters" time="1.550"/>
  <system-out>
    <![CDATA[Dvs Filters....200]]>
  </system-out>
</testsuite> <!-- api.test.DvsDataSearchTest -->
