<?xml version="1.0" encoding="UTF-8"?>
<!-- Generated by org.testng.reporters.JUnitReportReporter -->
<testsuite hostname="Trudosys" failures="0" tests="1" name="api.test.DroneDpTest" time="0.570" errors="0" timestamp="2024-06-09T21:25:13 IST" skipped="0">
  <testcase classname="api.test.DroneDpTest" name="ViewRequest" time="0.570"/>
  <system-out>
    <![CDATA[View request....200]]>
  </system-out>
</testsuite> <!-- api.test.DroneDpTest -->
