<?xml version="1.0" encoding="UTF-8"?>
<!-- Generated by org.testng.reporters.JUnitReportReporter -->
<testsuite hostname="Trudosys" failures="0" tests="4" name="api.test.AdminTest" time="4.377" errors="0" timestamp="2024-06-06T11:14:43 IST" skipped="0">
  <testcase classname="api.test.AdminTest" name="TestAdminLogin" time="1.620"/>
  <system-out>
    <![CDATA[AdminLogin successfull....200]]>
  </system-out>
  <testcase classname="api.test.AdminTest" name="TestAdminDashboard" time="0.601"/>
  <system-out>
    <![CDATA[Admin Dashboard Count ....200]]>
  </system-out>
  <testcase classname="api.test.AdminTest" name="TestAboutToExpirecompanies" time="1.560"/>
  <system-out>
    <![CDATA[list of About to expire companies....200]]>
  </system-out>
  <testcase classname="api.test.AdminTest" name="TestExpiredcompanies" time="0.596"/>
  <system-out>
    <![CDATA[list of expired companies....200]]>
  </system-out>
</testsuite> <!-- api.test.AdminTest -->
