<?xml version="1.0" encoding="UTF-8"?>
<!-- Generated by org.testng.reporters.JUnitReportReporter -->
<testsuite hostname="Trudosys" failures="0" tests="6" name="api.test.EmployeeTest" time="6.112" errors="0" timestamp="2024-07-19T14:53:52 IST" skipped="0">
  <testcase classname="api.test.EmployeeTest" name="testAddEmployee" time="1.602"/>
  <system-out>
    <![CDATA[Added Employee....200]]>
  </system-out>
  <testcase classname="api.test.EmployeeTest" name="testAddEmployee" time="1.716"/>
  <system-out>
    <![CDATA[Added Employee....200]]>
  </system-out>
  <testcase classname="api.test.EmployeeTest" name="testEmployeeDetails" time="0.710"/>
  <system-out>
    <![CDATA[Employee Details....200]]>
  </system-out>
  <testcase classname="api.test.EmployeeTest" name="TestUpdateEmployee" time="0.725"/>
  <system-out>
    <![CDATA[Update Employee....200]]>
  </system-out>
  <testcase classname="api.test.EmployeeTest" name="TestDeleteEmployee" time="0.699"/>
  <system-out>
    <![CDATA[Delete Employee....200]]>
  </system-out>
  <testcase classname="api.test.EmployeeTest" name="TestSearchEmployee" time="0.660"/>
  <system-out>
    <![CDATA[Search Employee....200]]>
  </system-out>
</testsuite> <!-- api.test.EmployeeTest -->
