<?xml version="1.0" encoding="UTF-8"?>
<!-- Generated by org.testng.reporters.JUnitReportReporter -->
<testsuite hostname="Trudosys" failures="0" tests="6" name="api.test.LoginTest" time="6.438" errors="0" timestamp="2024-08-29T15:38:43 IST" skipped="0">
  <testcase classname="api.test.LoginTest" name="LoginWithValidCredentials" time="3.445"/>
  <system-out>
    <![CDATA[Login with valid credentials....200]]>
  </system-out>
  <testcase classname="api.test.LoginTest" name="LoginWithInvalidcredentials" time="0.662"/>
  <system-out>
    <![CDATA[Login with bad credentials....400]]>
  </system-out>
  <testcase classname="api.test.LoginTest" name="LoginWithInvalidEmail" time="0.534"/>
  <system-out>
    <![CDATA[Login with Invalid email....400]]>
  </system-out>
  <testcase classname="api.test.LoginTest" name="LoginWithEmptyValues" time="0.573"/>
  <system-out>
    <![CDATA[Login with Empty Values....400]]>
  </system-out>
  <testcase classname="api.test.LoginTest" name="LoginWithNullValues" time="0.578"/>
  <system-out>
    <![CDATA[Login with null Values....400]]>
  </system-out>
  <testcase classname="api.test.LoginTest" name="companyDetails" time="0.646"/>
  <system-out>
    <![CDATA[company details....200]]>
  </system-out>
</testsuite> <!-- api.test.LoginTest -->
