<?xml version="1.0" encoding="UTF-8"?>
<!-- Generated by org.testng.reporters.JUnitReportReporter -->
<testsuite hostname="Trudosys" failures="0" tests="4" name="api.test.PhraseTest" time="3.332" errors="0" timestamp="2024-06-13T10:54:55 IST" skipped="0">
  <testcase classname="api.test.PhraseTest" name="testAddPhrase" time="0.662"/>
  <system-out>
    <![CDATA[Add Phrase....200]]>
  </system-out>
  <testcase classname="api.test.PhraseTest" name="testUpdatePhrase" time="0.579"/>
  <system-out>
    <![CDATA[Update Phrase....200]]>
  </system-out>
  <testcase classname="api.test.PhraseTest" name="testDeletePhrase" time="0.566"/>
  <system-out>
    <![CDATA[Delete Phrase....200]]>
  </system-out>
  <testcase classname="api.test.PhraseTest" name="testGetPhrase" time="1.525"/>
  <system-out>
    <![CDATA[Get Phrase....200]]>
  </system-out>
</testsuite> <!-- api.test.PhraseTest -->
