<?xml version="1.0" encoding="UTF-8"?>
<!-- Generated by org.testng.reporters.JUnitReportReporter -->
<testsuite hostname="Trudosys" failures="0" tests="7" name="api.test.TeamTest" time="5.165" errors="0" timestamp="2024-06-06T11:14:43 IST" skipped="0">
  <testcase classname="api.test.TeamTest" name="TestCreateTeam" time="0.808"/>
  <system-out>
    <![CDATA[Team Created....200]]>
  </system-out>
  <testcase classname="api.test.TeamTest" name="TestCreateTeam" time="0.647"/>
  <system-out>
    <![CDATA[Team Created....200]]>
  </system-out>
  <testcase classname="api.test.TeamTest" name="TestTeamDetails" time="0.670"/>
  <system-out>
    <![CDATA[Team Details....200]]>
  </system-out>
  <testcase classname="api.test.TeamTest" name="TestTeamUpdate" time="0.596"/>
  <system-out>
    <![CDATA[Team Update....200]]>
  </system-out>
  <testcase classname="api.test.TeamTest" name="TestTeamEmployees" time="0.746"/>
  <system-out>
    <![CDATA[Team Employees....200]]>
  </system-out>
  <testcase classname="api.test.TeamTest" name="TestDeleteTeamMember" time="0.758"/>
  <system-out>
    <![CDATA[Delete Team Member....200]]>
  </system-out>
  <testcase classname="api.test.TeamTest" name="TestTeamDelete" time="0.940"/>
  <system-out>
    <![CDATA[Team Deleted....200]]>
  </system-out>
</testsuite> <!-- api.test.TeamTest -->
