<?xml version="1.0" encoding="UTF-8"?>
<!-- Generated by org.testng.reporters.JUnitReportReporter -->
<testsuite hostname="Trudosys" failures="0" tests="4" name="api.test.AdminTest" time="2.658" errors="0" timestamp="2024-06-13T10:54:55 IST" skipped="0">
  <testcase classname="api.test.AdminTest" name="TestAdminLogin" time="0.741"/>
  <system-out>
    <![CDATA[AdminLogin successfull....200]]>
  </system-out>
  <testcase classname="api.test.AdminTest" name="TestAdminDashboard" time="0.633"/>
  <system-out>
    <![CDATA[Admin Dashboard Count ....200]]>
  </system-out>
  <testcase classname="api.test.AdminTest" name="TestAboutToExpirecompanies" time="0.645"/>
  <system-out>
    <![CDATA[list of About to expire companies....200]]>
  </system-out>
  <testcase classname="api.test.AdminTest" name="TestExpiredcompanies" time="0.639"/>
  <system-out>
    <![CDATA[list of expired companies....200]]>
  </system-out>
</testsuite> <!-- api.test.AdminTest -->
