<?xml version="1.0" encoding="UTF-8"?>
<!-- Generated by org.testng.reporters.JUnitReportReporter -->
<testsuite hostname="Trudosys" failures="0" tests="7" name="api.test.TeamTest" time="6.279" errors="0" timestamp="2024-07-19T14:53:52 IST" skipped="0">
  <testcase classname="api.test.TeamTest" name="TestCreateTeam" time="1.460"/>
  <system-out>
    <![CDATA[Team Created....200]]>
  </system-out>
  <testcase classname="api.test.TeamTest" name="TestCreateTeam" time="0.677"/>
  <system-out>
    <![CDATA[Team Created....200]]>
  </system-out>
  <testcase classname="api.test.TeamTest" name="TestTeamDetails" time="0.673"/>
  <system-out>
    <![CDATA[Team Details....200]]>
  </system-out>
  <testcase classname="api.test.TeamTest" name="TestTeamUpdate" time="0.644"/>
  <system-out>
    <![CDATA[Team Update....200]]>
  </system-out>
  <testcase classname="api.test.TeamTest" name="TestTeamEmployees" time="1.309"/>
  <system-out>
    <![CDATA[Team Employees....200]]>
  </system-out>
  <testcase classname="api.test.TeamTest" name="TestDeleteTeamMember" time="0.763"/>
  <system-out>
    <![CDATA[Delete Team Member....200]]>
  </system-out>
  <testcase classname="api.test.TeamTest" name="TestTeamDelete" time="0.753"/>
  <system-out>
    <![CDATA[Team Deleted....200]]>
  </system-out>
</testsuite> <!-- api.test.TeamTest -->
