<?xml version="1.0" encoding="UTF-8"?>
<!-- Generated by org.testng.reporters.JUnitReportReporter -->
<testsuite hostname="Trudosys" failures="0" tests="8" name="api.test.UploadFileTest" time="4.476" errors="0" timestamp="2024-08-29T15:38:43 IST" skipped="0">
  <testcase classname="api.test.UploadFileTest" name="testUploadfile" time="0.587"/>
  <system-out>
    <![CDATA[upload file....201]]>
  </system-out>
  <testcase classname="api.test.UploadFileTest" name="testUploadErrorfile" time="0.571"/>
  <system-out>
    <![CDATA[upload error file....201]]>
  </system-out>
  <testcase classname="api.test.UploadFileTest" name="Getfiles" time="0.540"/>
  <system-out>
    <![CDATA[Get files....200]]>
  </system-out>
  <testcase classname="api.test.UploadFileTest" name="Updatefile" time="0.554"/>
  <system-out>
    <![CDATA[update file....200]]>
  </system-out>
  <testcase classname="api.test.UploadFileTest" name="TestDownloadExcelfile" time="0.575"/>
  <system-out>
    <![CDATA[excel File downloaded....200]]>
  </system-out>
  <testcase classname="api.test.UploadFileTest" name="testErrorfilefix" time="0.605"/>
  <system-out>
    <![CDATA[Error File fixed....200]]>
  </system-out>
  <testcase classname="api.test.UploadFileTest" name="Deletefile" time="0.509"/>
  <system-out>
    <![CDATA[Delete excel files....200]]>
  </system-out>
  <testcase classname="api.test.UploadFileTest" name="GetFileByFileId" time="0.535"/>
  <system-out>
    <![CDATA[GetFileByFileId....200]]>
  </system-out>
</testsuite> <!-- api.test.UploadFileTest -->
