<?xml version="1.0" encoding="UTF-8"?>
<!-- Generated by org.testng.reporters.JUnitReportReporter -->
<testsuite hostname="Trudosys" failures="0" tests="5" name="api.test.ProjectTest" time="4.822" errors="0" timestamp="2024-07-19T14:53:52 IST" skipped="0">
  <testcase classname="api.test.ProjectTest" name="TestCreateProject" time="0.914"/>
  <system-out>
    <![CDATA[Project Created....200]]>
  </system-out>
  <testcase classname="api.test.ProjectTest" name="TestCreateProject" time="1.279"/>
  <system-out>
    <![CDATA[Project Created....200]]>
  </system-out>
  <testcase classname="api.test.ProjectTest" name="TestProjectDetails" time="0.881"/>
  <system-out>
    <![CDATA[Project Details....200]]>
  </system-out>
  <testcase classname="api.test.ProjectTest" name="TestProjectUpdate" time="0.868"/>
  <system-out>
    <![CDATA[Project Updated....200]]>
  </system-out>
  <testcase classname="api.test.ProjectTest" name="TestProjectDelete" time="0.880"/>
  <system-out>
    <![CDATA[Project Delete....200]]>
  </system-out>
</testsuite> <!-- api.test.ProjectTest -->
