<?xml version="1.0" encoding="UTF-8"?>
<!-- Generated by org.testng.reporters.JUnitReportReporter -->
<testsuite hostname="Trudosys" failures="0" tests="5" name="api.test.PdfTest" time="8.283" errors="0" timestamp="2024-06-13T10:54:55 IST" skipped="1">
  <testcase classname="api.test.PdfTest" name="testUploadpdf" time="1.226"/>
  <system-out>
    <![CDATA[Upload pdf....201]]>
  </system-out>
  <testcase classname="api.test.PdfTest" name="testUploadpdf" time="1.171"/>
  <system-out>
    <![CDATA[Upload pdf....201]]>
  </system-out>
  <testcase classname="api.test.PdfTest" name="Getfiles" time="0.593"/>
  <system-out>
    <![CDATA[Get Files....200]]>
  </system-out>
  <testcase classname="api.test.PdfTest" name="DeletePdf" time="0.567"/>
  <system-out>
    <![CDATA[Delete Pdf....200]]>
  </system-out>
  <testcase classname="api.test.PdfTest" name="TestDownloadPdffile" time="4.726">
    <skipped/>
  </testcase> <!-- TestDownloadPdffile -->
  <system-out/>
</testsuite> <!-- api.test.PdfTest -->
