<?xml version="1.0" encoding="UTF-8"?>
<!-- Generated by org.testng.reporters.JUnitReportReporter -->
<testsuite hostname="Trudosys" failures="0" tests="10" name="api.test.CommunityTest" time="5.915" errors="0" timestamp="2024-08-29T15:38:43 IST" skipped="0">
  <testcase classname="api.test.CommunityTest" name="TestCreateCommunity" time="0.877"/>
  <system-out>
    <![CDATA[community Created....200]]>
  </system-out>
  <testcase classname="api.test.CommunityTest" name="CreateCommunitywithExistingName" time="0.528"/>
  <system-out>
    <![CDATA[Create Community with Existing Name....400]]>
  </system-out>
  <testcase classname="api.test.CommunityTest" name="CreateCommunitywithNullFields" time="0.549"/>
  <system-out>
    <![CDATA[Create Community with Null Fields....400]]>
  </system-out>
  <testcase classname="api.test.CommunityTest" name="TestSearchCommunity" time="0.620"/>
  <system-out>
    <![CDATA[community Search....200]]>
  </system-out>
  <testcase classname="api.test.CommunityTest" name="TestCreateRequest" time="0.545"/>
  <system-out>
    <![CDATA[Create request....200]]>
  </system-out>
  <testcase classname="api.test.CommunityTest" name="CreateRequestWithSamefrequency" time="0.535"/>
  <system-out>
    <![CDATA[Create request with same frequency....400]]>
  </system-out>
  <testcase classname="api.test.CommunityTest" name="TestDvsOverview" time="0.534"/>
  <system-out>
    <![CDATA[Dvs Overview....200]]>
  </system-out>
  <testcase classname="api.test.CommunityTest" name="TestOverviewIssueCount" time="0.603"/>
  <system-out>
    <![CDATA[Overview Issue Counts....200]]>
  </system-out>
  <testcase classname="api.test.CommunityTest" name="TestOverviewIssueCountwithInvalidPayload" time="0.534"/>
  <system-out>
    <![CDATA[Overview Issue Counts with invalid payload....400]]>
  </system-out>
  <testcase classname="api.test.CommunityTest" name="TestdatasearchIssueCount" time="0.590"/>
  <system-out>
    <![CDATA[DataSearch Issue Counts....200]]>
  </system-out>
</testsuite> <!-- api.test.CommunityTest -->
