<?xml version="1.0" encoding="UTF-8"?>
<!-- Generated by org.testng.reporters.JUnitReportReporter -->
<testsuite hostname="Trudosys" failures="0" tests="5" name="api.test.DroneDpTest" time="8.817" errors="0" timestamp="2024-08-29T15:38:43 IST" skipped="0">
  <testcase classname="api.test.DroneDpTest" name="GetAllCompanies" time="0.535"/>
  <system-out>
    <![CDATA[GetAllCompanies....200]]>
  </system-out>
  <testcase classname="api.test.DroneDpTest" name="RequestCount" time="0.559"/>
  <system-out>
    <![CDATA[RequestCount....200]]>
  </system-out>
  <testcase classname="api.test.DroneDpTest" name="ViewRequest" time="0.537"/>
  <system-out>
    <![CDATA[View request....200]]>
  </system-out>
  <testcase classname="api.test.DroneDpTest" name="testUploadExcelFileForRequest" time="0.811"/>
  <system-out>
    <![CDATA[upload file for request....201]]>
  </system-out>
  <testcase classname="api.test.DroneDpTest" name="TestUploadPdfForRequest" time="6.375"/>
  <system-out>
    <![CDATA[Upload pdf for request....201]]>
  </system-out>
</testsuite> <!-- api.test.DroneDpTest -->
