<?xml version="1.0" encoding="UTF-8"?>
<!-- Generated by org.testng.reporters.JUnitReportReporter -->
<testsuite hostname="Trudosys" failures="0" tests="5" name="api.test.SearchTest" time="3.784" errors="0" timestamp="2024-07-19T14:53:52 IST" skipped="1">
  <testcase classname="api.test.SearchTest" name="testSearchExcelData" time="0.848"/>
  <system-out>
    <![CDATA[Search excel data....200]]>
  </system-out>
  <testcase classname="api.test.SearchTest" name="testSearchPdfData" time="0.659"/>
  <system-out>
    <![CDATA[Search pdf data....200]]>
  </system-out>
  <testcase classname="api.test.SearchTest" name="testDashboardCount" time="0.785">
    <skipped/>
  </testcase> <!-- testDashboardCount -->
  <system-out>
    <![CDATA[Dashboard count....200]]>
  </system-out>
  <testcase classname="api.test.SearchTest" name="testExcelHistory" time="0.800"/>
  <system-out>
    <![CDATA[Excel search history....200]]>
  </system-out>
  <testcase classname="api.test.SearchTest" name="testpdfHistory" time="0.692"/>
  <system-out>
    <![CDATA[pdf search history....200]]>
  </system-out>
</testsuite> <!-- api.test.SearchTest -->
