<?xml version="1.0" encoding="UTF-8"?>
<!-- Generated by org.testng.reporters.JUnitReportReporter -->
<testsuite hostname="Trudosys" failures="0" tests="7" name="api.test.TeamTest" time="4.857" errors="0" timestamp="2024-06-13T10:54:55 IST" skipped="0">
  <testcase classname="api.test.TeamTest" name="TestCreateTeam" time="0.794"/>
  <system-out>
    <![CDATA[Team Created....200]]>
  </system-out>
  <testcase classname="api.test.TeamTest" name="TestCreateTeam" time="0.687"/>
  <system-out>
    <![CDATA[Team Created....200]]>
  </system-out>
  <testcase classname="api.test.TeamTest" name="TestTeamDetails" time="0.685"/>
  <system-out>
    <![CDATA[Team Details....200]]>
  </system-out>
  <testcase classname="api.test.TeamTest" name="TestTeamUpdate" time="0.664"/>
  <system-out>
    <![CDATA[Team Update....200]]>
  </system-out>
  <testcase classname="api.test.TeamTest" name="TestTeamEmployees" time="0.732"/>
  <system-out>
    <![CDATA[Team Employees....200]]>
  </system-out>
  <testcase classname="api.test.TeamTest" name="TestDeleteTeamMember" time="0.614"/>
  <system-out>
    <![CDATA[Delete Team Member....200]]>
  </system-out>
  <testcase classname="api.test.TeamTest" name="TestTeamDelete" time="0.681"/>
  <system-out>
    <![CDATA[Team Deleted....200]]>
  </system-out>
</testsuite> <!-- api.test.TeamTest -->
