<?xml version="1.0" encoding="UTF-8"?>
<!-- Generated by org.testng.reporters.JUnitReportReporter -->
<testsuite hostname="Trudosys" failures="1" tests="6" name="api.test.SendLetterTest" time="17.905" errors="0" timestamp="2024-08-29T15:38:43 IST" skipped="0">
  <testcase classname="api.test.SendLetterTest" name="TestSendLetterWithAttachement" time="3.836"/>
  <system-out>
    <![CDATA[Send Letter With Attachement....200]]>
  </system-out>
  <testcase classname="api.test.SendLetterTest" name="TestSendLetterWithOutAttachement" time="1.997"/>
  <system-out>
    <![CDATA[Send Letter Without Attachement....200]]>
  </system-out>
  <testcase classname="api.test.SendLetterTest" name="TestSendLetterWithInvalidAttachement" time="0.534"/>
  <system-out>
    <![CDATA[Send Letter With Invalid Attachement....400]]>
  </system-out>
  <testcase classname="api.test.SendLetterTest" name="TestSendLetterWithMultipleAttachement" time="4.542"/>
  <system-out>
    <![CDATA[Send Letter With Multiple Attachement....200]]>
  </system-out>
  <testcase classname="api.test.SendLetterTest" name="TestSendLetterWithInvalidRecipientEmail" time="0.511"/>
  <system-out>
    <![CDATA[Send Letter With Invalid Recipient Email....400]]>
  </system-out>
  <testcase classname="api.test.SendLetterTest" name="TestSendLetterWithLargeAttachement" time="6.485">
    <failure message="Correct status code returned expected [400] but found [413]" type="java.lang.AssertionError">
      <![CDATA[java.lang.AssertionError: Correct status code returned expected [400] but found [413]
at org.testng.Assert.fail(Assert.java:99)
at org.testng.Assert.failNotEquals(Assert.java:1037)
at org.testng.Assert.assertEqualsImpl(Assert.java:140)
at org.testng.Assert.assertEquals(Assert.java:122)
at org.testng.Assert.assertEquals(Assert.java:907)
at api.test.SendLetterTest.TestSendLetterWithLargeAttachement(SendLetterTest.java:163)
at java.base/jdk.internal.reflect.NativeMethodAccessorImpl.invoke0(Native Method)
at java.base/jdk.internal.reflect.NativeMethodAccessorImpl.invoke(NativeMethodAccessorImpl.java:77)
at java.base/jdk.internal.reflect.DelegatingMethodAccessorImpl.invoke(DelegatingMethodAccessorImpl.java:43)
at java.base/java.lang.reflect.Method.invoke(Method.java:568)
at org.testng.internal.MethodInvocationHelper.invokeMethod(MethodInvocationHelper.java:133)
at org.testng.internal.TestInvoker.invokeMethod(TestInvoker.java:598)
at org.testng.internal.TestInvoker.invokeTestMethod(TestInvoker.java:173)
at org.testng.internal.MethodRunner.runInSequence(MethodRunner.java:46)
at org.testng.internal.TestInvoker$MethodInvocationAgent.invoke(TestInvoker.java:824)
at org.testng.internal.TestInvoker.invokeTestMethods(TestInvoker.java:146)
at org.testng.internal.TestMethodWorker.invokeTestMethods(TestMethodWorker.java:146)
at org.testng.internal.TestMethodWorker.run(TestMethodWorker.java:128)
at java.base/java.util.ArrayList.forEach(ArrayList.java:1511)
at org.testng.TestRunner.privateRun(TestRunner.java:794)
at org.testng.TestRunner.run(TestRunner.java:596)
at org.testng.SuiteRunner.runTest(SuiteRunner.java:377)
at org.testng.SuiteRunner.runSequentially(SuiteRunner.java:371)
at org.testng.SuiteRunner.privateRun(SuiteRunner.java:332)
at org.testng.SuiteRunner.run(SuiteRunner.java:276)
at org.testng.SuiteRunnerWorker.runSuite(SuiteRunnerWorker.java:53)
at org.testng.SuiteRunnerWorker.run(SuiteRunnerWorker.java:96)
at org.testng.TestNG.runSuitesSequentially(TestNG.java:1212)
at org.testng.TestNG.runSuitesLocally(TestNG.java:1134)
at org.testng.TestNG.runSuites(TestNG.java:1063)
at org.testng.TestNG.run(TestNG.java:1031)
at org.testng.remote.AbstractRemoteTestNG.run(AbstractRemoteTestNG.java:115)
at org.testng.remote.RemoteTestNG.initAndRun(RemoteTestNG.java:293)
at org.testng.remote.RemoteTestNG.main(RemoteTestNG.java:91)
]]>
    </failure>
  </testcase> <!-- TestSendLetterWithLargeAttachement -->
  <system-out>
    <![CDATA[Send Letter With Large Attachement failed<html>
  <head>
    <title>413 Request Entity Too Large</title>
  </head>
  <body>
    <center>
      <h1>413 Request Entity Too Large</h1>
    </center>
    <hr/>
    <center>nginx</center>
  </body>
</html>]]>
  </system-out>
</testsuite> <!-- api.test.SendLetterTest -->
