<?xml version="1.0" encoding="UTF-8"?>
<!-- Generated by org.testng.reporters.JUnitReportReporter -->
<testsuite hostname="Trudosys" failures="0" tests="4" name="api.test.AdminCompanyTest" time="2.870" errors="0" timestamp="2024-06-05T12:12:56 IST" skipped="0">
  <testcase classname="api.test.AdminCompanyTest" name="AdminCreateCompany" time="0.849"/>
  <system-out>
    <![CDATA[Admin Create Company....200]]>
  </system-out>
  <testcase classname="api.test.AdminCompanyTest" name="AdminSearchCompany" time="0.749"/>
  <system-out>
    <![CDATA[Admin Search Company....200]]>
  </system-out>
  <testcase classname="api.test.AdminCompanyTest" name="AdminUpdateCompany" time="0.652"/>
  <system-out>
    <![CDATA[Admin Update Company....200]]>
  </system-out>
  <testcase classname="api.test.AdminCompanyTest" name="AdminDisableCompany" time="0.620"/>
  <system-out>
    <![CDATA[Admin Disable Company....200]]>
  </system-out>
</testsuite> <!-- api.test.AdminCompanyTest -->
