<?xml version="1.0" encoding="UTF-8"?>
<!-- Generated by org.testng.reporters.JUnitReportReporter -->
<testsuite hostname="Trudosys" failures="0" tests="5" name="api.test.PdfTest" time="5.430" errors="0" timestamp="2024-07-19T14:53:52 IST" skipped="0">
  <testcase classname="api.test.PdfTest" name="testUploadpdf" time="1.288"/>
  <system-out>
    <![CDATA[Upload pdf....201]]>
  </system-out>
  <testcase classname="api.test.PdfTest" name="testUploadpdf" time="1.493"/>
  <system-out>
    <![CDATA[Upload pdf....201]]>
  </system-out>
  <testcase classname="api.test.PdfTest" name="Getfiles" time="0.817"/>
  <system-out>
    <![CDATA[Get Files....200]]>
  </system-out>
  <testcase classname="api.test.PdfTest" name="DeletePdf" time="0.629"/>
  <system-out>
    <![CDATA[Delete Pdf....200]]>
  </system-out>
  <testcase classname="api.test.PdfTest" name="TestDownloadPdffile" time="1.203"/>
  <system-out/>
</testsuite> <!-- api.test.PdfTest -->
