<?xml version="1.0" encoding="UTF-8"?>
<!-- Generated by org.testng.reporters.JUnitReportReporter -->
<testsuite hostname="Trudosys" failures="0" tests="4" name="api.test.PhraseTest" time="3.316" errors="0" timestamp="2024-07-19T14:53:52 IST" skipped="0">
  <testcase classname="api.test.PhraseTest" name="testAddPhrase" time="0.944"/>
  <system-out>
    <![CDATA[Add Phrase....200]]>
  </system-out>
  <testcase classname="api.test.PhraseTest" name="testUpdatePhrase" time="0.628"/>
  <system-out>
    <![CDATA[Update Phrase....200]]>
  </system-out>
  <testcase classname="api.test.PhraseTest" name="testDeletePhrase" time="0.786"/>
  <system-out>
    <![CDATA[Delete Phrase....200]]>
  </system-out>
  <testcase classname="api.test.PhraseTest" name="testGetPhrase" time="0.958"/>
  <system-out>
    <![CDATA[Get Phrase....200]]>
  </system-out>
</testsuite> <!-- api.test.PhraseTest -->
