<?xml version="1.0" encoding="UTF-8"?>
<!-- Generated by org.testng.reporters.JUnitReportReporter -->
<testsuite hostname="Trudosys" failures="0" tests="4" name="api.test.AdminCompanyTest" time="3.628" errors="0" timestamp="2024-06-13T10:54:55 IST" skipped="0">
  <testcase classname="api.test.AdminCompanyTest" name="AdminCreateCompany" time="0.817"/>
  <system-out>
    <![CDATA[Admin Create Company....200]]>
  </system-out>
  <testcase classname="api.test.AdminCompanyTest" name="AdminSearchCompany" time="1.632"/>
  <system-out>
    <![CDATA[Admin Search Company....200]]>
  </system-out>
  <testcase classname="api.test.AdminCompanyTest" name="AdminUpdateCompany" time="0.599"/>
  <system-out>
    <![CDATA[Admin Update Company....200]]>
  </system-out>
  <testcase classname="api.test.AdminCompanyTest" name="AdminDisableCompany" time="0.580"/>
  <system-out>
    <![CDATA[Admin Disable Company....200]]>
  </system-out>
</testsuite> <!-- api.test.AdminCompanyTest -->
