<?xml version="1.0" encoding="UTF-8"?>
<!-- Generated by org.testng.reporters.JUnitReportReporter -->
<testsuite hostname="Trudosys" failures="0" tests="5" name="api.test.PdfTest" time="5.275" errors="0" timestamp="2024-06-05T12:12:56 IST" skipped="1">
  <testcase classname="api.test.PdfTest" name="testUploadpdf" time="1.303"/>
  <system-out>
    <![CDATA[Upload pdf....201]]>
  </system-out>
  <testcase classname="api.test.PdfTest" name="testUploadpdf" time="1.360"/>
  <system-out>
    <![CDATA[Upload pdf....201]]>
  </system-out>
  <testcase classname="api.test.PdfTest" name="Getfiles" time="0.695"/>
  <system-out>
    <![CDATA[Get Files....200]]>
  </system-out>
  <testcase classname="api.test.PdfTest" name="DeletePdf" time="0.676"/>
  <system-out>
    <![CDATA[Delete Pdf....200]]>
  </system-out>
  <testcase classname="api.test.PdfTest" name="TestDownloadPdffile" time="1.241">
    <skipped/>
  </testcase> <!-- TestDownloadPdffile -->
  <system-out/>
</testsuite> <!-- api.test.PdfTest -->
